<?xml version="1.0" encoding="UTF-8"?>
<testng-results ignored="1" total="2" passed="1" failed="0" skipped="0">
  <reporter-output>
  </reporter-output>
  <suite started-at="2023-06-09T15:56:48 IST" name="Suite" finished-at="2023-06-09T15:56:55 IST" duration-ms="6903">
    <groups>
    </groups>
    <test started-at="2023-06-09T15:56:48 IST" name="Test" finished-at="2023-06-09T15:56:55 IST" duration-ms="6903">
      <class name="Automation.AmazonAutomation">
        <test-method is-config="true" signature="SetUp()[pri:0, instance:Automation.AmazonAutomation@515aebb0]" started-at="2023-06-09T15:56:48 IST" name="SetUp" finished-at="2023-06-09T15:56:52 IST" duration-ms="4173" status="PASS">
          <reporter-output>
          </reporter-output>
        </test-method> <!-- SetUp -->
        <test-method signature="SignIn()[pri:0, instance:Automation.AmazonAutomation@515aebb0]" started-at="2023-06-09T15:56:52 IST" name="SignIn" finished-at="2023-06-09T15:56:55 IST" duration-ms="2690" status="PASS">
          <reporter-output>
          </reporter-output>
        </test-method> <!-- SignIn -->
      </class> <!-- Automation.AmazonAutomation -->
    </test> <!-- Test -->
  </suite> <!-- Suite -->
</testng-results>
